#
# There is insufficient memory for the Java Runtime Environment to continue.
# Native memory allocation (malloc) failed to allocate 35651584 bytes for committing reserved memory.
# Possible reasons:
#   The system is out of physical RAM or swap space
#   In 32 bit mode, the process size limit was hit
# Possible solutions:
#   Reduce memory load on the system
#   Increase physical memory or swap space
#   Check if swap backing store is full
#   Use 64 bit Java on a 64 bit OS
#   Decrease Java heap size (-Xmx/-Xms)
#   Decrease number of Java threads
#   Decrease Java thread stack sizes (-Xss)
#   Set larger code cache with -XX:ReservedCodeCacheSize=
# This output file may be truncated or incomplete.
#
#  Out of Memory Error (os_linux.cpp:2827), pid=842, tid=139970167453440
#
# JRE version: OpenJDK Runtime Environment (7.0_95) (build 1.7.0_95-b00)
# Java VM: OpenJDK 64-Bit Server VM (24.95-b01 mixed mode linux-amd64 compressed oops)
# Derivative: IcedTea 2.6.4
# Distribution: Debian GNU/Linux 8.2 (jessie), package 7u95-2.6.4-1~deb8u1
# Failed to write core dump. Core dumps have been disabled. To enable core dumping, try "ulimit -c unlimited" before starting Java again
#

---------------  T H R E A D  ---------------

Current thread (0x00007f4d540f8000):  VMThread [stack: 0x00007f4d580c3000,0x00007f4d581c4000] [id=850]

Stack: [0x00007f4d580c3000,0x00007f4d581c4000],  sp=0x00007f4d581c24e0,  free space=1021k
Native frames: (J=compiled Java code, j=interpreted, Vv=VM code, C=native code)
V  [libjvm.so+0x987a96]
V  [libjvm.so+0x492972]
V  [libjvm.so+0x7f9d3b]
V  [libjvm.so+0x7f441e]
V  [libjvm.so+0x86805b]
V  [libjvm.so+0x868f13]
V  [libjvm.so+0x86962b]
V  [libjvm.so+0x864f91]
V  [libjvm.so+0x865808]
V  [libjvm.so+0x81d063]
V  [libjvm.so+0x989362]
V  [libjvm.so+0x98d7e7]
V